-------------------------------------------------------------------------------
Test set: User should be able to login using correct credentials
-------------------------------------------------------------------------------
Tests run: 3, Failures: 1, Errors: 0, Skipped: 0, Time elapsed: 20.668 s <<< FAILURE! - in User should be able to login using correct credentials
User should be able to login using correct credentials.User should be able to see all 12 months in months dropdown  Time elapsed: 6.121 s  <<< FAILURE!
java.lang.AssertionError

